<?xml version="1.0" encoding="utf-8"?><testsuites name="pytest tests"><testsuite name="pytest" errors="0" failures="0" skipped="0" tests="10" time="14.811" timestamp="2026-08-10T14:41:38.117847+00:00" hostname="agent-env-410b67bb-6db8-44c5-bc54-f094451a762c"><testcase classname="tests.test_rf_backend" name="test_get_config" time="0.292" /><testcase classname="tests.test_rf_backend" name="test_set_mode_active" time="0.098" /><testcase classname="tests.test_rf_backend" name="test_set_mode_invalid" time="0.047" /><testcase classname="tests.test_rf_backend" name="test_set_band_lte" time="0.097" /><testcase classname="tests.test_rf_backend" name="test_telemetry_latest" time="1.556" /><testcase classname="tests.test_rf_backend" name="test_telemetry_history" time="2.576" /><testcase classname="tests.test_rf_backend" name="test_sessions" time="0.060" /><testcase classname="tests.test_rf_backend" name="test_insights_analyze" time="5.672" /><testcase classname="tests.test_rf_backend" name="test_websocket_telemetry_stream" time="3.319" /><testcase classname="tests.test_rf_backend" name="test_websocket_set_mode" time="0.485" /></testsuite></testsuites>