<?xml version="1.0" encoding="utf-8"?><testsuites name="pytest tests"><testsuite name="pytest" errors="0" failures="0" skipped="0" tests="13" time="17.443" timestamp="2026-08-10T15:05:51.192216+00:00" hostname="agent-env-410b67bb-6db8-44c5-bc54-f094451a762c"><testcase classname="tests.test_rf_backend" name="test_get_config" time="0.287" /><testcase classname="tests.test_rf_backend" name="test_set_mode_active" time="0.151" /><testcase classname="tests.test_rf_backend" name="test_set_mode_invalid" time="0.077" /><testcase classname="tests.test_rf_backend" name="test_set_band_lte" time="0.145" /><testcase classname="tests.test_rf_backend" name="test_telemetry_latest" time="1.574" /><testcase classname="tests.test_rf_backend" name="test_telemetry_history" time="2.617" /><testcase classname="tests.test_rf_backend" name="test_sessions" time="0.073" /><testcase classname="tests.test_rf_backend" name="test_session_frames" time="2.152" /><testcase classname="tests.test_rf_backend" name="test_session_frames_limit" time="0.149" /><testcase classname="tests.test_rf_backend" name="test_set_weights" time="0.068" /><testcase classname="tests.test_rf_backend" name="test_insights_analyze" time="5.824" /><testcase classname="tests.test_rf_backend" name="test_websocket_telemetry_stream" time="3.184" /><testcase classname="tests.test_rf_backend" name="test_websocket_set_mode" time="0.506" /></testsuite></testsuites>